features/catalog/build/intermediates/manifest_merge_blame_file/devDebug/manifest-merger-blame-dev-debug-report.txt
1<?xml version="1.0" encoding="utf-8"?>
2<manifest xmlns:android="http://schemas.android.com/apk/res/android"
3    xmlns:dist="http://schemas.android.com/apk/distribution"
4    package="uk.endclothing.task.features.catalog" >
5
6    <uses-sdk
7        android:minSdkVersion="19"
7-->src/main/AndroidManifest.xml
8        android:targetSdkVersion="30" />
8-->src/main/AndroidManifest.xml
9
10    <dist:module dist:instant="true" >
10-->src/main/AndroidManifest.xml:6:5-11:19
10-->src/main/AndroidManifest.xml:6:18-37
11        <dist:delivery>
11-->src/main/AndroidManifest.xml:7:9-9:25
12            <dist:install-time />
12-->src/main/AndroidManifest.xml:8:13-34
13        </dist:delivery>
14
15        <dist:fusing dist:include="false" />
15-->src/main/AndroidManifest.xml:10:9-45
15-->src/main/AndroidManifest.xml:10:22-42
16    </dist:module>
17
18</manifest>